<?xml version="1.0" encoding="UTF-8"?>
<!-- Generated by org.testng.reporters.JUnitXMLReporter -->
<testsuite ignored="3" hostname="DESKTOP-VTBANGG" failures="0" tests="10" name="ChromeTest" time="114.398" errors="0" timestamp="2022-07-14T17:22:11 GST">
  <testcase classname="com.obs.tests.AddProductTest" name="verifyValidSearch" time="0.203"/>
  <testcase classname="com.obs.tests.AddProductTest" name="verifyInvalidSearch" time="0.262"/>
  <testcase classname="com.obs.tests.AddProductTest" name="verifyfilterbutton" time="1.482"/>
  <testcase classname="com.obs.tests.AddProductTest" name="verifyentries" time="3.348"/>
  <testcase classname="com.obs.tests.AddProductTest" name="Verifydeletebutton" time="0.636"/>
  <testcase classname="com.obs.tests.AddProductTest" name="Verifyaddproductbutton" time="0.654"/>
  <testcase classname="com.obs.tests.AddProductTest" name="Verifyprintbutton" time="1.233"/>
  <testcase classname="com.obs.tests.AddProductTest" name="Verifycsvbuttton" time="1.011"/>
  <testcase classname="com.obs.tests.AddProductTest" name="Verifysendvalues" time="2.268"/>
  <testcase classname="com.obs.tests.AddProductTest" name="Verifyviewproduct" time="1.181"/>
  <testcase classname="com.obs.tests.AddProductTest" name="verifyfieldsinProductmenu" time="0.0">
    <ignored/>
  </testcase> <!-- verifyfieldsinProductmenu -->
  <testcase classname="com.obs.tests.AddProductTest" name="Verifydeletetable" time="0.0">
    <ignored/>
  </testcase> <!-- Verifydeletetable -->
  <testcase classname="com.obs.tests.AddProductTest" name="Verifyeditproduct" time="0.0">
    <ignored/>
  </testcase> <!-- Verifyeditproduct -->
</testsuite> <!-- ChromeTest -->
