<?xml version="1.0" encoding="UTF-8"?>
<!-- Generated by org.testng.reporters.JUnitXMLReporter -->
<testsuite ignored="0" hostname="DESKTOP-VTBANGG" failures="5" tests="6" name="Test1" time="26.949" errors="0" timestamp="2022-07-07T15:06:53 GST">
  <testcase classname="com.obs.tests.CafteriaLoginTest" name="@AfterMethod quitBrowser" time="0.0">
    <failure type="java.lang.NullPointerException" message="Cannot invoke &amp;quot;org.openqa.selenium.WebDriver.quit()&amp;quot; because &amp;quot;this.driver&amp;quot; is null">
      <![CDATA[java.lang.NullPointerException: Cannot invoke "org.openqa.selenium.WebDriver.quit()" because "this.driver" is null
at com.obs.tests.CafteriaLoginTest.quitBrowser(CafteriaLoginTest.java:86)
at java.base/java.util.ArrayList.forEach(ArrayList.java:1511)
at java.base/java.util.concurrent.FutureTask.run(FutureTask.java:264)
at java.base/java.util.concurrent.ThreadPoolExecutor.runWorker(ThreadPoolExecutor.java:1136)
at java.base/java.util.concurrent.ThreadPoolExecutor$Worker.run(ThreadPoolExecutor.java:635)
at java.base/java.lang.Thread.run(Thread.java:833)
... Removed 23 stack frames]]>
    </failure>
  </testcase> <!-- @AfterMethod quitBrowser -->
  <testcase classname="com.obs.tests.CafteriaLoginTest" name="@BeforeMethod setup" time="-1.657191986941E9">
    <skipped/>
  </testcase> <!-- @BeforeMethod setup -->
  <testcase classname="com.obs.tests.CafteriaLoginTest" name="@AfterMethod quitBrowser" time="-1.657191986949E9">
    <skipped/>
  </testcase> <!-- @AfterMethod quitBrowser -->
  <testcase classname="com.obs.tests.CafteriaLoginTest" name="@BeforeMethod setup" time="-1.657191986952E9">
    <skipped/>
  </testcase> <!-- @BeforeMethod setup -->
  <testcase classname="com.obs.tests.CafteriaLoginTest" name="@AfterMethod quitBrowser" time="-1.657191986959E9">
    <skipped/>
  </testcase> <!-- @AfterMethod quitBrowser -->
  <testcase classname="com.obs.tests.CafteriaLoginTest" name="@BeforeMethod setup" time="-1.657191986963E9">
    <skipped/>
  </testcase> <!-- @BeforeMethod setup -->
  <testcase classname="com.obs.tests.CafteriaLoginTest" name="@AfterMethod quitBrowser" time="-1.65719198697E9">
    <skipped/>
  </testcase> <!-- @AfterMethod quitBrowser -->
  <testcase classname="com.obs.tests.CafteriaLoginTest" name="@BeforeMethod setup" time="-1.657191986973E9">
    <skipped/>
  </testcase> <!-- @BeforeMethod setup -->
  <testcase classname="com.obs.tests.CafteriaLoginTest" name="@AfterMethod quitBrowser" time="-1.65719198698E9">
    <skipped/>
  </testcase> <!-- @AfterMethod quitBrowser -->
  <testcase classname="com.obs.tests.CafteriaLoginTest" name="@BeforeMethod setup" time="-1.657191986983E9">
    <skipped/>
  </testcase> <!-- @BeforeMethod setup -->
  <testcase classname="com.obs.tests.CafteriaLoginTest" name="@AfterMethod quitBrowser" time="-1.65719198699E9">
    <skipped/>
  </testcase> <!-- @AfterMethod quitBrowser -->
  <testcase classname="com.obs.tests.CafteriaLoginTest" name="validateSuccessfulLogin" time="0.735"/>
  <testcase classname="com.obs.tests.CafteriaLoginTest" name="isLoginFieldsDisplayed" time="0.067">
    <failure type="java.lang.AssertionError" message="Unable to find LoginField expected [true] but found [false]">
      <![CDATA[java.lang.AssertionError: Unable to find LoginField expected [true] but found [false]
at com.obs.tests.CafteriaLoginTest.isLoginFieldsDisplayed(CafteriaLoginTest.java:49)
at java.base/java.util.ArrayList.forEach(ArrayList.java:1511)
at java.base/java.util.concurrent.FutureTask.run(FutureTask.java:264)
at java.base/java.util.concurrent.ThreadPoolExecutor.runWorker(ThreadPoolExecutor.java:1136)
at java.base/java.util.concurrent.ThreadPoolExecutor$Worker.run(ThreadPoolExecutor.java:635)
at java.base/java.lang.Thread.run(Thread.java:833)
... Removed 21 stack frames]]>
    </failure>
  </testcase> <!-- isLoginFieldsDisplayed -->
  <testcase classname="com.obs.tests.CafteriaLoginTest" name="verifyCafetriaName" time="0.046">
    <failure type="java.lang.AssertionError" message="Invalid Name expected [© 2022 Presto Cafeteria] but found []">
      <![CDATA[java.lang.AssertionError: Invalid Name expected [© 2022 Presto Cafeteria] but found []
at com.obs.tests.CafteriaLoginTest.verifyCafetriaName(CafteriaLoginTest.java:58)
at java.base/java.util.ArrayList.forEach(ArrayList.java:1511)
at java.base/java.util.concurrent.FutureTask.run(FutureTask.java:264)
at java.base/java.util.concurrent.ThreadPoolExecutor.runWorker(ThreadPoolExecutor.java:1136)
at java.base/java.util.concurrent.ThreadPoolExecutor$Worker.run(ThreadPoolExecutor.java:635)
at java.base/java.lang.Thread.run(Thread.java:833)
... Removed 23 stack frames]]>
    </failure>
  </testcase> <!-- verifyCafetriaName -->
  <testcase classname="com.obs.tests.CafteriaLoginTest" name="verifyUrl" time="0.002">
    <failure type="java.lang.NullPointerException" message="Cannot invoke &amp;quot;com.obs.datahandler.PropertyDataHandler.readPropertiesFile(String)&amp;quot; because &amp;quot;this.prop&amp;quot; is null">
      <![CDATA[java.lang.NullPointerException: Cannot invoke "com.obs.datahandler.PropertyDataHandler.readPropertiesFile(String)" because "this.prop" is null
at com.obs.pages.CafteriaLoginPage.getCurrentPageUrl(CafteriaLoginPage.java:43)
at com.obs.tests.CafteriaLoginTest.verifyUrl(CafteriaLoginTest.java:64)
at java.base/java.util.ArrayList.forEach(ArrayList.java:1511)
at java.base/java.util.concurrent.FutureTask.run(FutureTask.java:264)
at java.base/java.util.concurrent.ThreadPoolExecutor.runWorker(ThreadPoolExecutor.java:1136)
at java.base/java.util.concurrent.ThreadPoolExecutor$Worker.run(ThreadPoolExecutor.java:635)
at java.base/java.lang.Thread.run(Thread.java:833)
... Removed 18 stack frames]]>
    </failure>
  </testcase> <!-- verifyUrl -->
  <testcase classname="com.obs.tests.CafteriaLoginTest" name="verifyTitle" time="0.001">
    <failure type="java.lang.NullPointerException" message="Cannot invoke &amp;quot;com.obs.datahandler.PropertyDataHandler.readPropertiesFile(String)&amp;quot; because &amp;quot;this.prop&amp;quot; is null">
      <![CDATA[java.lang.NullPointerException: Cannot invoke "com.obs.datahandler.PropertyDataHandler.readPropertiesFile(String)" because "this.prop" is null
at com.obs.pages.CafteriaLoginPage.getCurrentPageTitle(CafteriaLoginPage.java:48)
at com.obs.tests.CafteriaLoginTest.verifyTitle(CafteriaLoginTest.java:73)
at java.base/java.util.ArrayList.forEach(ArrayList.java:1511)
at java.base/java.util.concurrent.FutureTask.run(FutureTask.java:264)
at java.base/java.util.concurrent.ThreadPoolExecutor.runWorker(ThreadPoolExecutor.java:1136)
at java.base/java.util.concurrent.ThreadPoolExecutor$Worker.run(ThreadPoolExecutor.java:635)
at java.base/java.lang.Thread.run(Thread.java:833)
... Removed 18 stack frames]]>
    </failure>
  </testcase> <!-- verifyTitle -->
  <testcase classname="com.obs.tests.CafteriaLoginTest" name="verifyLogoPresent" time="0.044">
    <failure type="java.lang.AssertionError" message="Logo not present in login pgae expected [true] but found [false]">
      <![CDATA[java.lang.AssertionError: Logo not present in login pgae expected [true] but found [false]
at com.obs.tests.CafteriaLoginTest.verifyLogoPresent(CafteriaLoginTest.java:81)
at java.base/java.util.ArrayList.forEach(ArrayList.java:1511)
at java.base/java.util.concurrent.FutureTask.run(FutureTask.java:264)
at java.base/java.util.concurrent.ThreadPoolExecutor.runWorker(ThreadPoolExecutor.java:1136)
at java.base/java.util.concurrent.ThreadPoolExecutor$Worker.run(ThreadPoolExecutor.java:635)
at java.base/java.lang.Thread.run(Thread.java:833)
... Removed 21 stack frames]]>
    </failure>
  </testcase> <!-- verifyLogoPresent -->
</testsuite> <!-- Test1 -->
